{
  "stats": {
    "suites": 1,
    "tests": 1,
    "passes": 1,
    "pending": 0,
    "failures": 0,
    "start": "2020-05-16T22:28:57.116Z",
    "end": "2020-05-16T22:29:12.383Z",
    "duration": 15267,
    "testsRegistered": 1,
    "passPercent": 100,
    "pendingPercent": 0,
    "other": 0,
    "hasOther": false,
    "skipped": 0,
    "hasSkipped": false
  },
  "results": [
    {
      "uuid": "9e938ced-76fc-40df-a2e6-053a3341ecb4",
      "title": "",
      "fullFile": "cypress\\integration\\GreenKart\\Test2.js",
      "file": "cypress\\integration\\GreenKart\\Test2.js",
      "beforeHooks": [],
      "afterHooks": [],
      "tests": [],
      "suites": [
        {
          "uuid": "adffd24d-fd87-4ea1-af84-056fbde16389",
          "title": "My First Test Suite",
          "fullFile": "",
          "file": "",
          "beforeHooks": [],
          "afterHooks": [],
          "tests": [
            {
              "title": "My First Test Case",
              "fullTitle": "My First Test Suite My First Test Case",
              "timedOut": null,
              "duration": 11652,
              "state": "passed",
              "speed": "slow",
              "pass": true,
              "fail": false,
              "pending": false,
              "context": null,
              "code": "cy.visit(Cypress.env('url') + \"/AutomationPractice/\"); // checkboxes\ncy.get('#checkBoxOption1').check().should('be.checked').and('have.value', 'option1');\ncy.get('#checkBoxOption1').uncheck().should('not.be.checked');\ncy.get('input[type=\"checkbox\"]').check(['option2', 'option3']); // Static dropdown (tag name will be 'select')\ncy.get('select').select('option2').should('have.value', 'option2'); // Dynamic dropdown (when you type something and it gives list of selections)\ncy.get('#autocomplete').type('ind'); // each -- iterate through an array like structure (arrays or objects with a lenght property)\ncy.get('.ui-menu-item div').each(function ($el, index, $list) {\n  if ($el.text() === 'India') {\n    $el.click();\n  }\n}); // autocomplete\ncy.get('#autocomplete').should('have.value', 'India'); // Hide/Show visible text box\ncy.get('#displayed-text').should('be.visible');\ncy.get('#hide-textbox').click();\ncy.get('#displayed-text').should('not.be.visible');\ncy.get('#show-textbox').click();\ncy.get('#displayed-text').should('be.visible'); // Radio buttons ... radio button 2 checked\ncy.get('[value = \"radio2\"]').check().should('be.checked');",
              "err": {},
              "uuid": "3b20d69e-2e62-4a80-96ec-74e6b6ebae79",
              "parentUUID": "adffd24d-fd87-4ea1-af84-056fbde16389",
              "isHook": false,
              "skipped": false
            }
          ],
          "suites": [],
          "passes": [
            "3b20d69e-2e62-4a80-96ec-74e6b6ebae79"
          ],
          "failures": [],
          "pending": [],
          "skipped": [],
          "duration": 11652,
          "root": false,
          "rootEmpty": false,
          "_timeout": 2000
        }
      ],
      "passes": [],
      "failures": [],
      "pending": [],
      "skipped": [],
      "duration": 0,
      "root": true,
      "rootEmpty": true,
      "_timeout": 2000
    }
  ],
  "meta": {
    "mocha": {
      "version": "7.0.1"
    },
    "mochawesome": {
      "options": {
        "quiet": false,
        "reportFilename": "mochawesome",
        "saveHtml": true,
        "saveJson": true,
        "consoleReporter": "spec",
        "useInlineDiffs": false,
        "code": true
      },
      "version": "6.1.1"
    },
    "marge": {
      "options": {},
      "version": "5.1.0"
    }
  }
}